<?xml version="1.0" encoding="UTF-8"?>
<robot generator="Robot 5.0 (Python 3.10.1 on win32)" generated="20220410 21:33:28.617" rpa="false" schemaversion="3">
<suite id="s1" name="Hospital" source="D:\HarmanApril\April7th\Robot_framework\Tests\HospitalManagement\FunctionalTestSuite\Hospital.robot">
<test id="s1-t1" name="Hospital login test" line="9">
<kw name="Open Browser" library="SeleniumLibrary">
<arg>http://127.0.0.1:5000</arg>
<arg>chrome</arg>
<doc>Opens a new browser instance to the optional ``url``.</doc>
<msg timestamp="20220410 21:33:29.236" level="INFO">Opening browser 'chrome' to base url 'http://127.0.0.1:5000'.</msg>
<status status="PASS" starttime="20220410 21:33:29.235" endtime="20220410 21:33:31.950"/>
</kw>
<kw name="Maximize Browser Window" library="SeleniumLibrary">
<doc>Maximizes current browser window.</doc>
<status status="PASS" starttime="20220410 21:33:31.952" endtime="20220410 21:33:32.110"/>
</kw>
<kw name="Sleep" library="BuiltIn">
<arg>1s</arg>
<doc>Pauses the test executed for the given time.</doc>
<msg timestamp="20220410 21:33:33.123" level="INFO">Slept 1 second</msg>
<status status="PASS" starttime="20220410 21:33:32.113" endtime="20220410 21:33:33.124"/>
</kw>
<kw name="Input Text" library="SeleniumLibrary">
<arg>name:username</arg>
<arg>${login_name}</arg>
<doc>Types the given ``text`` into the text field identified by ``locator``.</doc>
<msg timestamp="20220410 21:33:33.128" level="INFO">Typing text 'admin' into text field 'name:username'.</msg>
<status status="PASS" starttime="20220410 21:33:33.127" endtime="20220410 21:33:33.351"/>
</kw>
<kw name="Sleep" library="BuiltIn">
<arg>1s</arg>
<doc>Pauses the test executed for the given time.</doc>
<msg timestamp="20220410 21:33:34.367" level="INFO">Slept 1 second</msg>
<status status="PASS" starttime="20220410 21:33:33.352" endtime="20220410 21:33:34.367"/>
</kw>
<kw name="Input Password" library="SeleniumLibrary">
<arg>name:password</arg>
<arg>${login_password}</arg>
<doc>Types the given password into the text field identified by ``locator``.</doc>
<msg timestamp="20220410 21:33:34.368" level="INFO">Typing password into text field 'name:password'.</msg>
<msg timestamp="20220410 21:33:34.467" level="INFO">Temporally setting log level to: NONE</msg>
<msg timestamp="20220410 21:33:34.559" level="INFO">Log level changed from NONE to INFO.</msg>
<status status="PASS" starttime="20220410 21:33:34.368" endtime="20220410 21:33:34.560"/>
</kw>
<kw name="Sleep" library="BuiltIn">
<arg>1s</arg>
<doc>Pauses the test executed for the given time.</doc>
<msg timestamp="20220410 21:33:35.574" level="INFO">Slept 1 second</msg>
<status status="PASS" starttime="20220410 21:33:34.563" endtime="20220410 21:33:35.576"/>
</kw>
<kw name="Click Button" library="SeleniumLibrary">
<arg>class:btn-success</arg>
<doc>Clicks the button identified by ``locator``.</doc>
<msg timestamp="20220410 21:33:35.580" level="INFO">Clicking button 'class:btn-success'.</msg>
<status status="PASS" starttime="20220410 21:33:35.579" endtime="20220410 21:33:36.052"/>
</kw>
<kw name="Sleep" library="BuiltIn">
<arg>2s</arg>
<doc>Pauses the test executed for the given time.</doc>
<msg timestamp="20220410 21:33:38.061" level="INFO">Slept 2 seconds</msg>
<status status="PASS" starttime="20220410 21:33:36.057" endtime="20220410 21:33:38.061"/>
</kw>
<doc>Login page</doc>
<tag>admin</tag>
<status status="PASS" starttime="20220410 21:33:29.234" endtime="20220410 21:33:38.063"/>
</test>
<test id="s1-t2" name="Registration tested" line="22">
<kw name="Input Text" library="SeleniumLibrary">
<arg>name:name</arg>
<arg>Charlie</arg>
<doc>Types the given ``text`` into the text field identified by ``locator``.</doc>
<msg timestamp="20220410 21:33:38.067" level="INFO">Typing text 'Charlie' into text field 'name:name'.</msg>
<status status="PASS" starttime="20220410 21:33:38.066" endtime="20220410 21:33:38.314"/>
</kw>
<kw name="Sleep" library="BuiltIn">
<arg>1s</arg>
<doc>Pauses the test executed for the given time.</doc>
<msg timestamp="20220410 21:33:39.331" level="INFO">Slept 1 second</msg>
<status status="PASS" starttime="20220410 21:33:38.315" endtime="20220410 21:33:39.331"/>
</kw>
<kw name="Input Text" library="SeleniumLibrary">
<arg>name:mobile</arg>
<arg>${mob}</arg>
<doc>Types the given ``text`` into the text field identified by ``locator``.</doc>
<msg timestamp="20220410 21:33:39.332" level="INFO">Typing text '876543219' into text field 'name:mobile'.</msg>
<status status="PASS" starttime="20220410 21:33:39.332" endtime="20220410 21:33:39.547"/>
</kw>
<kw name="Sleep" library="BuiltIn">
<arg>1s</arg>
<doc>Pauses the test executed for the given time.</doc>
<msg timestamp="20220410 21:33:40.553" level="INFO">Slept 1 second</msg>
<status status="PASS" starttime="20220410 21:33:39.548" endtime="20220410 21:33:40.553"/>
</kw>
<kw name="Input Text" library="SeleniumLibrary">
<arg>name:age</arg>
<arg>22</arg>
<doc>Types the given ``text`` into the text field identified by ``locator``.</doc>
<msg timestamp="20220410 21:33:40.562" level="INFO">Typing text '22' into text field 'name:age'.</msg>
<status status="PASS" starttime="20220410 21:33:40.557" endtime="20220410 21:33:40.814"/>
</kw>
<kw name="Sleep" library="BuiltIn">
<arg>1s</arg>
<doc>Pauses the test executed for the given time.</doc>
<msg timestamp="20220410 21:33:41.829" level="INFO">Slept 1 second</msg>
<status status="PASS" starttime="20220410 21:33:40.815" endtime="20220410 21:33:41.829"/>
</kw>
<kw name="Input Text" library="SeleniumLibrary">
<arg>name:address</arg>
<arg>orion</arg>
<doc>Types the given ``text`` into the text field identified by ``locator``.</doc>
<msg timestamp="20220410 21:33:41.830" level="INFO">Typing text 'orion' into text field 'name:address'.</msg>
<status status="PASS" starttime="20220410 21:33:41.830" endtime="20220410 21:33:42.100"/>
</kw>
<kw name="Sleep" library="BuiltIn">
<arg>1s</arg>
<doc>Pauses the test executed for the given time.</doc>
<msg timestamp="20220410 21:33:43.108" level="INFO">Slept 1 second</msg>
<status status="PASS" starttime="20220410 21:33:42.101" endtime="20220410 21:33:43.110"/>
</kw>
<kw name="Input Text" library="SeleniumLibrary">
<arg>name:dob</arg>
<arg>09091999</arg>
<doc>Types the given ``text`` into the text field identified by ``locator``.</doc>
<msg timestamp="20220410 21:33:43.112" level="INFO">Typing text '09091999' into text field 'name:dob'.</msg>
<status status="PASS" starttime="20220410 21:33:43.111" endtime="20220410 21:33:43.349"/>
</kw>
<kw name="Sleep" library="BuiltIn">
<arg>1s</arg>
<doc>Pauses the test executed for the given time.</doc>
<msg timestamp="20220410 21:33:44.355" level="INFO">Slept 1 second</msg>
<status status="PASS" starttime="20220410 21:33:43.350" endtime="20220410 21:33:44.357"/>
</kw>
<kw name="Input Text" library="SeleniumLibrary">
<arg>name:place</arg>
<arg>bangalore</arg>
<doc>Types the given ``text`` into the text field identified by ``locator``.</doc>
<msg timestamp="20220410 21:33:44.362" level="INFO">Typing text 'bangalore' into text field 'name:place'.</msg>
<status status="PASS" starttime="20220410 21:33:44.361" endtime="20220410 21:33:44.617"/>
</kw>
<kw name="Sleep" library="BuiltIn">
<arg>1s</arg>
<doc>Pauses the test executed for the given time.</doc>
<msg timestamp="20220410 21:33:45.628" level="INFO">Slept 1 second</msg>
<status status="PASS" starttime="20220410 21:33:44.619" endtime="20220410 21:33:45.628"/>
</kw>
<kw name="Input Text" library="SeleniumLibrary">
<arg>name:pincode</arg>
<arg>567890</arg>
<doc>Types the given ``text`` into the text field identified by ``locator``.</doc>
<msg timestamp="20220410 21:33:45.630" level="INFO">Typing text '567890' into text field 'name:pincode'.</msg>
<status status="PASS" starttime="20220410 21:33:45.629" endtime="20220410 21:33:45.870"/>
</kw>
<kw name="Sleep" library="BuiltIn">
<arg>1s</arg>
<doc>Pauses the test executed for the given time.</doc>
<msg timestamp="20220410 21:33:46.873" level="INFO">Slept 1 second</msg>
<status status="PASS" starttime="20220410 21:33:45.871" endtime="20220410 21:33:46.875"/>
</kw>
<kw name="Click Button" library="SeleniumLibrary">
<arg>class:btn-success</arg>
<doc>Clicks the button identified by ``locator``.</doc>
<msg timestamp="20220410 21:33:46.878" level="INFO">Clicking button 'class:btn-success'.</msg>
<status status="PASS" starttime="20220410 21:33:46.878" endtime="20220410 21:33:47.345"/>
</kw>
<kw name="Sleep" library="BuiltIn">
<arg>2s</arg>
<doc>Pauses the test executed for the given time.</doc>
<msg timestamp="20220410 21:33:49.357" level="INFO">Slept 2 seconds</msg>
<status status="PASS" starttime="20220410 21:33:47.347" endtime="20220410 21:33:49.359"/>
</kw>
<doc>Registration</doc>
<tag>admin</tag>
<status status="PASS" starttime="20220410 21:33:38.065" endtime="20220410 21:33:49.361"/>
</test>
<test id="s1-t3" name="Search Patient test" line="42">
<kw name="Click Link" library="SeleniumLibrary">
<arg>xpath=//html/body/nav/div/section[1]/div/a</arg>
<doc>Clicks a link identified by ``locator``.</doc>
<msg timestamp="20220410 21:33:49.367" level="INFO">Clicking link 'xpath=//html/body/nav/div/section[1]/div/a'.</msg>
<status status="PASS" starttime="20220410 21:33:49.365" endtime="20220410 21:33:49.610"/>
</kw>
<kw name="Sleep" library="BuiltIn">
<arg>2s</arg>
<doc>Pauses the test executed for the given time.</doc>
<msg timestamp="20220410 21:33:51.641" level="INFO">Slept 2 seconds</msg>
<status status="PASS" starttime="20220410 21:33:49.630" endtime="20220410 21:33:51.642"/>
</kw>
<kw name="Input Text" library="SeleniumLibrary">
<arg>name:mobile</arg>
<arg>${mob}</arg>
<doc>Types the given ``text`` into the text field identified by ``locator``.</doc>
<msg timestamp="20220410 21:33:51.645" level="INFO">Typing text '876543219' into text field 'name:mobile'.</msg>
<status status="PASS" starttime="20220410 21:33:51.644" endtime="20220410 21:33:51.868"/>
</kw>
<kw name="Sleep" library="BuiltIn">
<arg>2s</arg>
<doc>Pauses the test executed for the given time.</doc>
<msg timestamp="20220410 21:33:53.880" level="INFO">Slept 2 seconds</msg>
<status status="PASS" starttime="20220410 21:33:51.869" endtime="20220410 21:33:53.880"/>
</kw>
<kw name="Click Button" library="SeleniumLibrary">
<arg>class:btn-primary</arg>
<doc>Clicks the button identified by ``locator``.</doc>
<msg timestamp="20220410 21:33:53.881" level="INFO">Clicking button 'class:btn-primary'.</msg>
<status status="PASS" starttime="20220410 21:33:53.881" endtime="20220410 21:33:54.203"/>
</kw>
<kw name="Sleep" library="BuiltIn">
<arg>2s</arg>
<doc>Pauses the test executed for the given time.</doc>
<msg timestamp="20220410 21:33:56.229" level="INFO">Slept 2 seconds</msg>
<status status="PASS" starttime="20220410 21:33:54.211" endtime="20220410 21:33:56.229"/>
</kw>
<doc>Search Patient</doc>
<tag>admin</tag>
<status status="PASS" starttime="20220410 21:33:49.363" endtime="20220410 21:33:56.230"/>
</test>
<test id="s1-t4" name="Viewall Patient test" line="52">
<kw name="Click Link" library="SeleniumLibrary">
<arg>xpath=//html/body/nav/div/section[2]/div/a</arg>
<doc>Clicks a link identified by ``locator``.</doc>
<msg timestamp="20220410 21:33:56.234" level="INFO">Clicking link 'xpath=//html/body/nav/div/section[2]/div/a'.</msg>
<status status="PASS" starttime="20220410 21:33:56.234" endtime="20220410 21:33:56.537"/>
</kw>
<kw name="Sleep" library="BuiltIn">
<arg>3s</arg>
<doc>Pauses the test executed for the given time.</doc>
<msg timestamp="20220410 21:33:59.557" level="INFO">Slept 3 seconds</msg>
<status status="PASS" starttime="20220410 21:33:56.548" endtime="20220410 21:33:59.558"/>
</kw>
<doc>Viewall Patient</doc>
<tag>admin</tag>
<status status="PASS" starttime="20220410 21:33:56.232" endtime="20220410 21:33:59.561"/>
</test>
<test id="s1-t5" name="Update Patient test" line="58">
<kw name="Click Link" library="SeleniumLibrary">
<arg>xpath=//html/body/nav/div/section[3]/div/a</arg>
<doc>Clicks a link identified by ``locator``.</doc>
<msg timestamp="20220410 21:33:59.566" level="INFO">Clicking link 'xpath=//html/body/nav/div/section[3]/div/a'.</msg>
<status status="PASS" starttime="20220410 21:33:59.565" endtime="20220410 21:33:59.883"/>
</kw>
<kw name="Sleep" library="BuiltIn">
<arg>1s</arg>
<doc>Pauses the test executed for the given time.</doc>
<msg timestamp="20220410 21:34:00.904" level="INFO">Slept 1 second</msg>
<status status="PASS" starttime="20220410 21:33:59.899" endtime="20220410 21:34:00.907"/>
</kw>
<kw name="Input Text" library="SeleniumLibrary">
<arg>name:mobile</arg>
<arg>${mob}</arg>
<doc>Types the given ``text`` into the text field identified by ``locator``.</doc>
<msg timestamp="20220410 21:34:00.912" level="INFO">Typing text '876543219' into text field 'name:mobile'.</msg>
<status status="PASS" starttime="20220410 21:34:00.911" endtime="20220410 21:34:01.153"/>
</kw>
<kw name="Sleep" library="BuiltIn">
<arg>1s</arg>
<doc>Pauses the test executed for the given time.</doc>
<msg timestamp="20220410 21:34:02.165" level="INFO">Slept 1 second</msg>
<status status="PASS" starttime="20220410 21:34:01.158" endtime="20220410 21:34:02.165"/>
</kw>
<kw name="Click Button" library="SeleniumLibrary">
<arg>class:btn-primary</arg>
<doc>Clicks the button identified by ``locator``.</doc>
<msg timestamp="20220410 21:34:02.178" level="INFO">Clicking button 'class:btn-primary'.</msg>
<status status="PASS" starttime="20220410 21:34:02.170" endtime="20220410 21:34:02.527"/>
</kw>
<kw name="Sleep" library="BuiltIn">
<arg>1s</arg>
<doc>Pauses the test executed for the given time.</doc>
<msg timestamp="20220410 21:34:03.551" level="INFO">Slept 1 second</msg>
<status status="PASS" starttime="20220410 21:34:02.534" endtime="20220410 21:34:03.552"/>
</kw>
<kw name="Input Text" library="SeleniumLibrary">
<arg>name:name</arg>
<arg>tillu</arg>
<doc>Types the given ``text`` into the text field identified by ``locator``.</doc>
<msg timestamp="20220410 21:34:03.553" level="INFO">Typing text 'tillu' into text field 'name:name'.</msg>
<status status="PASS" starttime="20220410 21:34:03.552" endtime="20220410 21:34:03.803"/>
</kw>
<kw name="Sleep" library="BuiltIn">
<arg>1s</arg>
<doc>Pauses the test executed for the given time.</doc>
<msg timestamp="20220410 21:34:04.808" level="INFO">Slept 1 second</msg>
<status status="PASS" starttime="20220410 21:34:03.805" endtime="20220410 21:34:04.810"/>
</kw>
<kw name="Input Text" library="SeleniumLibrary">
<arg>name:place</arg>
<arg>hoodi</arg>
<doc>Types the given ``text`` into the text field identified by ``locator``.</doc>
<msg timestamp="20220410 21:34:04.811" level="INFO">Typing text 'hoodi' into text field 'name:place'.</msg>
<status status="PASS" starttime="20220410 21:34:04.811" endtime="20220410 21:34:05.062"/>
</kw>
<kw name="Sleep" library="BuiltIn">
<arg>1s</arg>
<doc>Pauses the test executed for the given time.</doc>
<msg timestamp="20220410 21:34:06.080" level="INFO">Slept 1 second</msg>
<status status="PASS" starttime="20220410 21:34:05.065" endtime="20220410 21:34:06.080"/>
</kw>
<kw name="Click Button" library="SeleniumLibrary">
<arg>class:btn-success</arg>
<doc>Clicks the button identified by ``locator``.</doc>
<msg timestamp="20220410 21:34:06.081" level="INFO">Clicking button 'class:btn-success'.</msg>
<status status="PASS" starttime="20220410 21:34:06.081" endtime="20220410 21:34:06.433"/>
</kw>
<kw name="Sleep" library="BuiltIn">
<arg>3s</arg>
<doc>Pauses the test executed for the given time.</doc>
<msg timestamp="20220410 21:34:09.441" level="INFO">Slept 3 seconds</msg>
<status status="PASS" starttime="20220410 21:34:06.434" endtime="20220410 21:34:09.443"/>
</kw>
<doc>Update Patient</doc>
<tag>admin</tag>
<status status="PASS" starttime="20220410 21:33:59.563" endtime="20220410 21:34:09.444"/>
</test>
<test id="s1-t6" name="Delete Patient test" line="74">
<kw name="Click Link" library="SeleniumLibrary">
<arg>xpath=//html/body/nav/div/section[4]/div/a</arg>
<doc>Clicks a link identified by ``locator``.</doc>
<msg timestamp="20220410 21:34:09.447" level="INFO">Clicking link 'xpath=//html/body/nav/div/section[4]/div/a'.</msg>
<status status="PASS" starttime="20220410 21:34:09.447" endtime="20220410 21:34:09.683"/>
</kw>
<kw name="Sleep" library="BuiltIn">
<arg>2s</arg>
<doc>Pauses the test executed for the given time.</doc>
<msg timestamp="20220410 21:34:11.692" level="INFO">Slept 2 seconds</msg>
<status status="PASS" starttime="20220410 21:34:09.687" endtime="20220410 21:34:11.692"/>
</kw>
<kw name="Input Text" library="SeleniumLibrary">
<arg>name:mobile</arg>
<arg>${mob}</arg>
<doc>Types the given ``text`` into the text field identified by ``locator``.</doc>
<msg timestamp="20220410 21:34:11.694" level="INFO">Typing text '876543219' into text field 'name:mobile'.</msg>
<status status="PASS" starttime="20220410 21:34:11.693" endtime="20220410 21:34:11.886"/>
</kw>
<kw name="Sleep" library="BuiltIn">
<arg>2s</arg>
<doc>Pauses the test executed for the given time.</doc>
<msg timestamp="20220410 21:34:13.903" level="INFO">Slept 2 seconds</msg>
<status status="PASS" starttime="20220410 21:34:11.889" endtime="20220410 21:34:13.905"/>
</kw>
<kw name="Click Button" library="SeleniumLibrary">
<arg>class:btn-danger</arg>
<doc>Clicks the button identified by ``locator``.</doc>
<msg timestamp="20220410 21:34:13.911" level="INFO">Clicking button 'class:btn-danger'.</msg>
<status status="PASS" starttime="20220410 21:34:13.910" endtime="20220410 21:34:14.208"/>
</kw>
<kw name="Sleep" library="BuiltIn">
<arg>2s</arg>
<doc>Pauses the test executed for the given time.</doc>
<msg timestamp="20220410 21:34:16.221" level="INFO">Slept 2 seconds</msg>
<status status="PASS" starttime="20220410 21:34:14.212" endtime="20220410 21:34:16.221"/>
</kw>
<kw name="Click Link" library="SeleniumLibrary">
<arg>xpath=//html/body/nav/div/section[2]/div/a</arg>
<doc>Clicks a link identified by ``locator``.</doc>
<msg timestamp="20220410 21:34:16.225" level="INFO">Clicking link 'xpath=//html/body/nav/div/section[2]/div/a'.</msg>
<status status="PASS" starttime="20220410 21:34:16.224" endtime="20220410 21:34:16.460"/>
</kw>
<kw name="Sleep" library="BuiltIn">
<arg>3s</arg>
<doc>Pauses the test executed for the given time.</doc>
<msg timestamp="20220410 21:34:19.471" level="INFO">Slept 3 seconds</msg>
<status status="PASS" starttime="20220410 21:34:16.467" endtime="20220410 21:34:19.473"/>
</kw>
<kw name="Close Browser" library="SeleniumLibrary">
<doc>Closes the current browser.</doc>
<status status="PASS" starttime="20220410 21:34:19.476" endtime="20220410 21:34:22.328"/>
</kw>
<doc>Delete Patient</doc>
<tag>admin</tag>
<status status="PASS" starttime="20220410 21:34:09.446" endtime="20220410 21:34:22.329"/>
</test>
<status status="PASS" starttime="20220410 21:33:28.620" endtime="20220410 21:34:22.332"/>
</suite>
<statistics>
<total>
<stat pass="6" fail="0" skip="0">All Tests</stat>
</total>
<tag>
<stat pass="6" fail="0" skip="0">admin</stat>
</tag>
<suite>
<stat pass="6" fail="0" skip="0" id="s1" name="Hospital">Hospital</stat>
</suite>
</statistics>
<errors>
</errors>
</robot>
